DEB [20240322-09:10:45.934] thr=1   paramiko.transport: starting thread (client mode): 0x46973980
DEB [20240322-09:10:45.934] thr=1   paramiko.transport: Local version/idstring: SSH-2.0-paramiko_3.4.0
DEB [20240322-09:10:46.134] thr=1   paramiko.transport: Remote version/idstring: SSH-2.0-OpenSSH_8.4p1
INF [20240322-09:10:46.144] thr=1   paramiko.transport: Connected (version 2.0, client OpenSSH_8.4p1)
DEB [20240322-09:10:46.145] thr=1   paramiko.transport: === Key exchange possibilities ===
DEB [20240322-09:10:46.146] thr=1   paramiko.transport: kex algos: curve25519-sha256, curve25519-sha256@libssh.org, ecdh-sha2-nistp256, ecdh-sha2-nistp384, ecdh-sha2-nistp521, diffie-hellman-group-exchange-sha256, diffie-hellman-group16-sha512, diffie-hellman-group18-sha512, diffie-hellman-group14-sha256, kex-strict-s-v00@openssh.com
DEB [20240322-09:10:46.146] thr=1   paramiko.transport: server key: rsa-sha2-512, rsa-sha2-256, ssh-rsa, ecdsa-sha2-nistp256, ssh-ed25519
DEB [20240322-09:10:46.146] thr=1   paramiko.transport: client encrypt: chacha20-poly1305@openssh.com, aes128-ctr, aes192-ctr, aes256-ctr, aes128-gcm@openssh.com, aes256-gcm@openssh.com
DEB [20240322-09:10:46.146] thr=1   paramiko.transport: server encrypt: chacha20-poly1305@openssh.com, aes128-ctr, aes192-ctr, aes256-ctr, aes128-gcm@openssh.com, aes256-gcm@openssh.com
DEB [20240322-09:10:46.146] thr=1   paramiko.transport: client mac: umac-64-etm@openssh.com, umac-128-etm@openssh.com, hmac-sha2-256-etm@openssh.com, hmac-sha2-512-etm@openssh.com, hmac-sha1-etm@openssh.com, umac-64@openssh.com, umac-128@openssh.com, hmac-sha2-256, hmac-sha2-512, hmac-sha1
DEB [20240322-09:10:46.146] thr=1   paramiko.transport: server mac: umac-64-etm@openssh.com, umac-128-etm@openssh.com, hmac-sha2-256-etm@openssh.com, hmac-sha2-512-etm@openssh.com, hmac-sha1-etm@openssh.com, umac-64@openssh.com, umac-128@openssh.com, hmac-sha2-256, hmac-sha2-512, hmac-sha1
DEB [20240322-09:10:46.146] thr=1   paramiko.transport: client compress: none, zlib@openssh.com
DEB [20240322-09:10:46.146] thr=1   paramiko.transport: server compress: none, zlib@openssh.com
DEB [20240322-09:10:46.146] thr=1   paramiko.transport: client lang: <none>
DEB [20240322-09:10:46.147] thr=1   paramiko.transport: server lang: <none>
DEB [20240322-09:10:46.147] thr=1   paramiko.transport: kex follows: False
DEB [20240322-09:10:46.147] thr=1   paramiko.transport: === Key exchange agreements ===
DEB [20240322-09:10:46.147] thr=1   paramiko.transport: Strict kex mode: True
DEB [20240322-09:10:46.147] thr=1   paramiko.transport: Kex: curve25519-sha256@libssh.org
DEB [20240322-09:10:46.147] thr=1   paramiko.transport: HostKey: ssh-ed25519
DEB [20240322-09:10:46.147] thr=1   paramiko.transport: Cipher: aes128-ctr
DEB [20240322-09:10:46.147] thr=1   paramiko.transport: MAC: hmac-sha2-256
DEB [20240322-09:10:46.147] thr=1   paramiko.transport: Compression: none
DEB [20240322-09:10:46.147] thr=1   paramiko.transport: === End of kex handshake ===
DEB [20240322-09:10:46.210] thr=1   paramiko.transport: Resetting outbound seqno after NEWKEYS due to strict mode
DEB [20240322-09:10:46.226] thr=1   paramiko.transport: kex engine KexCurve25519 specified hash_algo <built-in function openssl_sha256>
DEB [20240322-09:10:46.226] thr=1   paramiko.transport: Switch to new keys ...
DEB [20240322-09:10:46.226] thr=1   paramiko.transport: Resetting inbound seqno after NEWKEYS due to strict mode
DEB [20240322-09:10:46.226] thr=2   paramiko.transport: Attempting password auth...
DEB [20240322-09:10:46.227] thr=1   paramiko.transport: Got EXT_INFO: {'server-sig-algs': b'ssh-ed25519,sk-ssh-ed25519@openssh.com,ssh-rsa,rsa-sha2-256,rsa-sha2-512,ssh-dss,ecdsa-sha2-nistp256,ecdsa-sha2-nistp384,ecdsa-sha2-nistp521,sk-ecdsa-sha2-nistp256@openssh.com,webauthn-sk-ecdsa-sha2-nistp256@openssh.com'}
DEB [20240322-09:10:46.310] thr=1   paramiko.transport: userauth is OK
INF [20240322-09:10:46.350] thr=1   paramiko.transport: Authentication (password) successful!
DEB [20240322-09:10:46.350] thr=2   paramiko.transport: [chan 0] Max packet in: 32768 bytes
DEB [20240322-09:10:46.365] thr=1   paramiko.transport: Received global request "hostkeys-00@openssh.com"
DEB [20240322-09:10:46.365] thr=1   paramiko.transport: Rejecting "hostkeys-00@openssh.com" global request from server.
DEB [20240322-09:10:46.396] thr=1   paramiko.transport: [chan 0] Max packet out: 32768 bytes
DEB [20240322-09:10:46.396] thr=1   paramiko.transport: Secsh channel 0 opened.
DEB [20240322-09:10:46.434] thr=1   paramiko.transport: [chan 0] Sesch channel 0 request ok
INF [20240322-09:10:46.461] thr=2   paramiko.transport.sftp: [chan 0] Opened sftp connection (server version 3)
DEB [20240322-09:11:40.536] thr=3   paramiko.transport: starting thread (client mode): 0x47213bc0
DEB [20240322-09:11:40.536] thr=3   paramiko.transport: Local version/idstring: SSH-2.0-paramiko_3.4.0
DEB [20240322-09:11:40.742] thr=3   paramiko.transport: Remote version/idstring: SSH-2.0-OpenSSH_8.4p1
INF [20240322-09:11:40.742] thr=3   paramiko.transport: Connected (version 2.0, client OpenSSH_8.4p1)
DEB [20240322-09:11:40.742] thr=3   paramiko.transport: === Key exchange possibilities ===
DEB [20240322-09:11:40.742] thr=3   paramiko.transport: kex algos: curve25519-sha256, curve25519-sha256@libssh.org, ecdh-sha2-nistp256, ecdh-sha2-nistp384, ecdh-sha2-nistp521, diffie-hellman-group-exchange-sha256, diffie-hellman-group16-sha512, diffie-hellman-group18-sha512, diffie-hellman-group14-sha256, kex-strict-s-v00@openssh.com
DEB [20240322-09:11:40.742] thr=3   paramiko.transport: server key: rsa-sha2-512, rsa-sha2-256, ssh-rsa, ecdsa-sha2-nistp256, ssh-ed25519
DEB [20240322-09:11:40.742] thr=3   paramiko.transport: client encrypt: chacha20-poly1305@openssh.com, aes128-ctr, aes192-ctr, aes256-ctr, aes128-gcm@openssh.com, aes256-gcm@openssh.com
DEB [20240322-09:11:40.742] thr=3   paramiko.transport: server encrypt: chacha20-poly1305@openssh.com, aes128-ctr, aes192-ctr, aes256-ctr, aes128-gcm@openssh.com, aes256-gcm@openssh.com
DEB [20240322-09:11:40.742] thr=3   paramiko.transport: client mac: umac-64-etm@openssh.com, umac-128-etm@openssh.com, hmac-sha2-256-etm@openssh.com, hmac-sha2-512-etm@openssh.com, hmac-sha1-etm@openssh.com, umac-64@openssh.com, umac-128@openssh.com, hmac-sha2-256, hmac-sha2-512, hmac-sha1
DEB [20240322-09:11:40.742] thr=3   paramiko.transport: server mac: umac-64-etm@openssh.com, umac-128-etm@openssh.com, hmac-sha2-256-etm@openssh.com, hmac-sha2-512-etm@openssh.com, hmac-sha1-etm@openssh.com, umac-64@openssh.com, umac-128@openssh.com, hmac-sha2-256, hmac-sha2-512, hmac-sha1
DEB [20240322-09:11:40.742] thr=3   paramiko.transport: client compress: none, zlib@openssh.com
DEB [20240322-09:11:40.742] thr=3   paramiko.transport: server compress: none, zlib@openssh.com
DEB [20240322-09:11:40.742] thr=3   paramiko.transport: client lang: <none>
DEB [20240322-09:11:40.742] thr=3   paramiko.transport: server lang: <none>
DEB [20240322-09:11:40.742] thr=3   paramiko.transport: kex follows: False
DEB [20240322-09:11:40.742] thr=3   paramiko.transport: === Key exchange agreements ===
DEB [20240322-09:11:40.742] thr=3   paramiko.transport: Strict kex mode: True
DEB [20240322-09:11:40.742] thr=3   paramiko.transport: Kex: curve25519-sha256@libssh.org
DEB [20240322-09:11:40.742] thr=3   paramiko.transport: HostKey: ssh-ed25519
DEB [20240322-09:11:40.742] thr=3   paramiko.transport: Cipher: aes128-ctr
DEB [20240322-09:11:40.742] thr=3   paramiko.transport: MAC: hmac-sha2-256
DEB [20240322-09:11:40.742] thr=3   paramiko.transport: Compression: none
DEB [20240322-09:11:40.742] thr=3   paramiko.transport: === End of kex handshake ===
DEB [20240322-09:11:40.827] thr=3   paramiko.transport: Resetting outbound seqno after NEWKEYS due to strict mode
DEB [20240322-09:11:40.827] thr=3   paramiko.transport: kex engine KexCurve25519 specified hash_algo <built-in function openssl_sha256>
DEB [20240322-09:11:40.827] thr=3   paramiko.transport: Switch to new keys ...
DEB [20240322-09:11:40.827] thr=3   paramiko.transport: Resetting inbound seqno after NEWKEYS due to strict mode
DEB [20240322-09:11:40.827] thr=2   paramiko.transport: Attempting password auth...
DEB [20240322-09:11:40.827] thr=3   paramiko.transport: Got EXT_INFO: {'server-sig-algs': b'ssh-ed25519,sk-ssh-ed25519@openssh.com,ssh-rsa,rsa-sha2-256,rsa-sha2-512,ssh-dss,ecdsa-sha2-nistp256,ecdsa-sha2-nistp384,ecdsa-sha2-nistp521,sk-ecdsa-sha2-nistp256@openssh.com,webauthn-sk-ecdsa-sha2-nistp256@openssh.com'}
DEB [20240322-09:11:40.893] thr=3   paramiko.transport: userauth is OK
INF [20240322-09:11:40.947] thr=3   paramiko.transport: Authentication (password) successful!
DEB [20240322-09:11:40.947] thr=2   paramiko.transport: [chan 0] Max packet in: 32768 bytes
DEB [20240322-09:11:40.961] thr=3   paramiko.transport: Received global request "hostkeys-00@openssh.com"
DEB [20240322-09:11:40.961] thr=3   paramiko.transport: Rejecting "hostkeys-00@openssh.com" global request from server.
DEB [20240322-09:11:40.994] thr=3   paramiko.transport: [chan 0] Max packet out: 32768 bytes
DEB [20240322-09:11:40.995] thr=3   paramiko.transport: Secsh channel 0 opened.
DEB [20240322-09:11:41.026] thr=3   paramiko.transport: [chan 0] Sesch channel 0 request ok
INF [20240322-09:11:41.075] thr=2   paramiko.transport.sftp: [chan 0] Opened sftp connection (server version 3)
DEB [20240322-09:11:41.076] thr=2   paramiko.transport.sftp: [chan 0] stat(b'public_html/index.html')
DEB [20240322-09:11:56.528] thr=4   paramiko.transport: starting thread (client mode): 0x4696eff0
DEB [20240322-09:11:56.528] thr=4   paramiko.transport: Local version/idstring: SSH-2.0-paramiko_3.4.0
DEB [20240322-09:11:56.731] thr=4   paramiko.transport: Remote version/idstring: SSH-2.0-OpenSSH_8.4p1
INF [20240322-09:11:56.731] thr=4   paramiko.transport: Connected (version 2.0, client OpenSSH_8.4p1)
DEB [20240322-09:11:56.731] thr=4   paramiko.transport: === Key exchange possibilities ===
DEB [20240322-09:11:56.731] thr=4   paramiko.transport: kex algos: curve25519-sha256, curve25519-sha256@libssh.org, ecdh-sha2-nistp256, ecdh-sha2-nistp384, ecdh-sha2-nistp521, diffie-hellman-group-exchange-sha256, diffie-hellman-group16-sha512, diffie-hellman-group18-sha512, diffie-hellman-group14-sha256, kex-strict-s-v00@openssh.com
DEB [20240322-09:11:56.731] thr=4   paramiko.transport: server key: rsa-sha2-512, rsa-sha2-256, ssh-rsa, ecdsa-sha2-nistp256, ssh-ed25519
DEB [20240322-09:11:56.731] thr=4   paramiko.transport: client encrypt: chacha20-poly1305@openssh.com, aes128-ctr, aes192-ctr, aes256-ctr, aes128-gcm@openssh.com, aes256-gcm@openssh.com
DEB [20240322-09:11:56.731] thr=4   paramiko.transport: server encrypt: chacha20-poly1305@openssh.com, aes128-ctr, aes192-ctr, aes256-ctr, aes128-gcm@openssh.com, aes256-gcm@openssh.com
DEB [20240322-09:11:56.731] thr=4   paramiko.transport: client mac: umac-64-etm@openssh.com, umac-128-etm@openssh.com, hmac-sha2-256-etm@openssh.com, hmac-sha2-512-etm@openssh.com, hmac-sha1-etm@openssh.com, umac-64@openssh.com, umac-128@openssh.com, hmac-sha2-256, hmac-sha2-512, hmac-sha1
DEB [20240322-09:11:56.731] thr=4   paramiko.transport: server mac: umac-64-etm@openssh.com, umac-128-etm@openssh.com, hmac-sha2-256-etm@openssh.com, hmac-sha2-512-etm@openssh.com, hmac-sha1-etm@openssh.com, umac-64@openssh.com, umac-128@openssh.com, hmac-sha2-256, hmac-sha2-512, hmac-sha1
DEB [20240322-09:11:56.731] thr=4   paramiko.transport: client compress: none, zlib@openssh.com
DEB [20240322-09:11:56.731] thr=4   paramiko.transport: server compress: none, zlib@openssh.com
DEB [20240322-09:11:56.731] thr=4   paramiko.transport: client lang: <none>
DEB [20240322-09:11:56.731] thr=4   paramiko.transport: server lang: <none>
DEB [20240322-09:11:56.731] thr=4   paramiko.transport: kex follows: False
DEB [20240322-09:11:56.731] thr=4   paramiko.transport: === Key exchange agreements ===
DEB [20240322-09:11:56.731] thr=4   paramiko.transport: Strict kex mode: True
DEB [20240322-09:11:56.731] thr=4   paramiko.transport: Kex: curve25519-sha256@libssh.org
DEB [20240322-09:11:56.731] thr=4   paramiko.transport: HostKey: ssh-ed25519
DEB [20240322-09:11:56.731] thr=4   paramiko.transport: Cipher: aes128-ctr
DEB [20240322-09:11:56.731] thr=4   paramiko.transport: MAC: hmac-sha2-256
DEB [20240322-09:11:56.731] thr=4   paramiko.transport: Compression: none
DEB [20240322-09:11:56.731] thr=4   paramiko.transport: === End of kex handshake ===
DEB [20240322-09:11:56.815] thr=4   paramiko.transport: Resetting outbound seqno after NEWKEYS due to strict mode
DEB [20240322-09:11:56.815] thr=4   paramiko.transport: kex engine KexCurve25519 specified hash_algo <built-in function openssl_sha256>
DEB [20240322-09:11:56.815] thr=4   paramiko.transport: Switch to new keys ...
DEB [20240322-09:11:56.815] thr=4   paramiko.transport: Resetting inbound seqno after NEWKEYS due to strict mode
DEB [20240322-09:11:56.815] thr=4   paramiko.transport: Got EXT_INFO: {'server-sig-algs': b'ssh-ed25519,sk-ssh-ed25519@openssh.com,ssh-rsa,rsa-sha2-256,rsa-sha2-512,ssh-dss,ecdsa-sha2-nistp256,ecdsa-sha2-nistp384,ecdsa-sha2-nistp521,sk-ecdsa-sha2-nistp256@openssh.com,webauthn-sk-ecdsa-sha2-nistp256@openssh.com'}
DEB [20240322-09:11:56.815] thr=2   paramiko.transport: Attempting password auth...
DEB [20240322-09:11:56.891] thr=4   paramiko.transport: userauth is OK
INF [20240322-09:11:56.929] thr=4   paramiko.transport: Authentication (password) successful!
DEB [20240322-09:11:56.944] thr=2   paramiko.transport: [chan 0] Max packet in: 32768 bytes
DEB [20240322-09:11:56.948] thr=4   paramiko.transport: Received global request "hostkeys-00@openssh.com"
DEB [20240322-09:11:56.948] thr=4   paramiko.transport: Rejecting "hostkeys-00@openssh.com" global request from server.
DEB [20240322-09:11:56.977] thr=4   paramiko.transport: [chan 0] Max packet out: 32768 bytes
DEB [20240322-09:11:56.977] thr=4   paramiko.transport: Secsh channel 0 opened.
DEB [20240322-09:11:57.015] thr=4   paramiko.transport: [chan 0] Sesch channel 0 request ok
INF [20240322-09:11:57.059] thr=2   paramiko.transport.sftp: [chan 0] Opened sftp connection (server version 3)
DEB [20240322-09:11:57.060] thr=2   paramiko.transport.sftp: [chan 0] stat(b'public_html/error.php')
DEB [20240322-09:11:57.095] thr=2   paramiko.transport.sftp: [chan 0] open(b'public_html/error.php', 'rb')
DEB [20240322-09:11:57.130] thr=2   paramiko.transport.sftp: [chan 0] open(b'public_html/error.php', 'rb') -> 00000000
DEB [20240322-09:11:57.262] thr=2   paramiko.transport.sftp: [chan 0] close(00000000)
INF [20240322-09:11:57.376] thr=2   paramiko.transport.sftp: [chan 0] sftp session closed.
DEB [20240322-09:11:57.376] thr=2   paramiko.transport: [chan 0] EOF sent (0)
DEB [20240322-09:11:57.376] thr=4   paramiko.transport: EOF in transport thread
DEB [20240322-09:15:56.584] thr=5   paramiko.transport: starting thread (client mode): 0x46a1d4c0
DEB [20240322-09:15:56.593] thr=5   paramiko.transport: Local version/idstring: SSH-2.0-paramiko_3.4.0
DEB [20240322-09:15:56.799] thr=5   paramiko.transport: Remote version/idstring: SSH-2.0-OpenSSH_8.4p1
INF [20240322-09:15:56.799] thr=5   paramiko.transport: Connected (version 2.0, client OpenSSH_8.4p1)
DEB [20240322-09:15:56.809] thr=5   paramiko.transport: === Key exchange possibilities ===
DEB [20240322-09:15:56.809] thr=5   paramiko.transport: kex algos: curve25519-sha256, curve25519-sha256@libssh.org, ecdh-sha2-nistp256, ecdh-sha2-nistp384, ecdh-sha2-nistp521, diffie-hellman-group-exchange-sha256, diffie-hellman-group16-sha512, diffie-hellman-group18-sha512, diffie-hellman-group14-sha256, kex-strict-s-v00@openssh.com
DEB [20240322-09:15:56.809] thr=5   paramiko.transport: server key: rsa-sha2-512, rsa-sha2-256, ssh-rsa, ecdsa-sha2-nistp256, ssh-ed25519
DEB [20240322-09:15:56.809] thr=5   paramiko.transport: client encrypt: chacha20-poly1305@openssh.com, aes128-ctr, aes192-ctr, aes256-ctr, aes128-gcm@openssh.com, aes256-gcm@openssh.com
DEB [20240322-09:15:56.809] thr=5   paramiko.transport: server encrypt: chacha20-poly1305@openssh.com, aes128-ctr, aes192-ctr, aes256-ctr, aes128-gcm@openssh.com, aes256-gcm@openssh.com
DEB [20240322-09:15:56.809] thr=5   paramiko.transport: client mac: umac-64-etm@openssh.com, umac-128-etm@openssh.com, hmac-sha2-256-etm@openssh.com, hmac-sha2-512-etm@openssh.com, hmac-sha1-etm@openssh.com, umac-64@openssh.com, umac-128@openssh.com, hmac-sha2-256, hmac-sha2-512, hmac-sha1
DEB [20240322-09:15:56.809] thr=5   paramiko.transport: server mac: umac-64-etm@openssh.com, umac-128-etm@openssh.com, hmac-sha2-256-etm@openssh.com, hmac-sha2-512-etm@openssh.com, hmac-sha1-etm@openssh.com, umac-64@openssh.com, umac-128@openssh.com, hmac-sha2-256, hmac-sha2-512, hmac-sha1
DEB [20240322-09:15:56.809] thr=5   paramiko.transport: client compress: none, zlib@openssh.com
DEB [20240322-09:15:56.809] thr=5   paramiko.transport: server compress: none, zlib@openssh.com
DEB [20240322-09:15:56.809] thr=5   paramiko.transport: client lang: <none>
DEB [20240322-09:15:56.809] thr=5   paramiko.transport: server lang: <none>
DEB [20240322-09:15:56.809] thr=5   paramiko.transport: kex follows: False
DEB [20240322-09:15:56.809] thr=5   paramiko.transport: === Key exchange agreements ===
DEB [20240322-09:15:56.809] thr=5   paramiko.transport: Strict kex mode: True
DEB [20240322-09:15:56.809] thr=5   paramiko.transport: Kex: curve25519-sha256@libssh.org
DEB [20240322-09:15:56.809] thr=5   paramiko.transport: HostKey: ssh-ed25519
DEB [20240322-09:15:56.809] thr=5   paramiko.transport: Cipher: aes128-ctr
DEB [20240322-09:15:56.809] thr=5   paramiko.transport: MAC: hmac-sha2-256
DEB [20240322-09:15:56.809] thr=5   paramiko.transport: Compression: none
DEB [20240322-09:15:56.809] thr=5   paramiko.transport: === End of kex handshake ===
DEB [20240322-09:15:56.882] thr=5   paramiko.transport: Resetting outbound seqno after NEWKEYS due to strict mode
DEB [20240322-09:15:56.882] thr=5   paramiko.transport: kex engine KexCurve25519 specified hash_algo <built-in function openssl_sha256>
DEB [20240322-09:15:56.882] thr=5   paramiko.transport: Switch to new keys ...
DEB [20240322-09:15:56.882] thr=5   paramiko.transport: Resetting inbound seqno after NEWKEYS due to strict mode
DEB [20240322-09:15:56.882] thr=2   paramiko.transport: Attempting password auth...
DEB [20240322-09:15:56.882] thr=5   paramiko.transport: Got EXT_INFO: {'server-sig-algs': b'ssh-ed25519,sk-ssh-ed25519@openssh.com,ssh-rsa,rsa-sha2-256,rsa-sha2-512,ssh-dss,ecdsa-sha2-nistp256,ecdsa-sha2-nistp384,ecdsa-sha2-nistp521,sk-ecdsa-sha2-nistp256@openssh.com,webauthn-sk-ecdsa-sha2-nistp256@openssh.com'}
DEB [20240322-09:15:56.954] thr=5   paramiko.transport: userauth is OK
INF [20240322-09:15:57.008] thr=5   paramiko.transport: Authentication (password) successful!
DEB [20240322-09:15:57.008] thr=2   paramiko.transport: [chan 0] Max packet in: 32768 bytes
DEB [20240322-09:15:57.018] thr=5   paramiko.transport: Received global request "hostkeys-00@openssh.com"
DEB [20240322-09:15:57.018] thr=5   paramiko.transport: Rejecting "hostkeys-00@openssh.com" global request from server.
DEB [20240322-09:15:57.049] thr=5   paramiko.transport: [chan 0] Max packet out: 32768 bytes
DEB [20240322-09:15:57.049] thr=5   paramiko.transport: Secsh channel 0 opened.
DEB [20240322-09:15:57.083] thr=5   paramiko.transport: [chan 0] Sesch channel 0 request ok
INF [20240322-09:15:57.117] thr=2   paramiko.transport.sftp: [chan 0] Opened sftp connection (server version 3)
DEB [20240322-09:15:57.127] thr=2   paramiko.transport.sftp: [chan 0] stat(b'wiki.htm')
DEB [20240322-09:15:57.166] thr=2   paramiko.transport.sftp: [chan 0] open(b'wiki.htm', 'rb')
DEB [20240322-09:15:57.204] thr=2   paramiko.transport.sftp: [chan 0] open(b'wiki.htm', 'rb') -> 00000000
DEB [20240322-09:15:57.648] thr=2   paramiko.transport.sftp: [chan 0] close(00000000)
INF [20240322-09:15:57.775] thr=2   paramiko.transport.sftp: [chan 0] sftp session closed.
DEB [20240322-09:15:57.775] thr=2   paramiko.transport: [chan 0] EOF sent (0)
DEB [20240322-09:15:57.782] thr=5   paramiko.transport: EOF in transport thread
DEB [20240322-09:20:24.554] thr=6   paramiko.transport: starting thread (client mode): 0x4723d730
DEB [20240322-09:20:24.554] thr=6   paramiko.transport: Local version/idstring: SSH-2.0-paramiko_3.4.0
DEB [20240322-09:20:24.771] thr=6   paramiko.transport: Remote version/idstring: SSH-2.0-OpenSSH_8.4p1
INF [20240322-09:20:24.771] thr=6   paramiko.transport: Connected (version 2.0, client OpenSSH_8.4p1)
DEB [20240322-09:20:24.771] thr=6   paramiko.transport: === Key exchange possibilities ===
DEB [20240322-09:20:24.771] thr=6   paramiko.transport: kex algos: curve25519-sha256, curve25519-sha256@libssh.org, ecdh-sha2-nistp256, ecdh-sha2-nistp384, ecdh-sha2-nistp521, diffie-hellman-group-exchange-sha256, diffie-hellman-group16-sha512, diffie-hellman-group18-sha512, diffie-hellman-group14-sha256, kex-strict-s-v00@openssh.com
DEB [20240322-09:20:24.771] thr=6   paramiko.transport: server key: rsa-sha2-512, rsa-sha2-256, ssh-rsa, ecdsa-sha2-nistp256, ssh-ed25519
DEB [20240322-09:20:24.771] thr=6   paramiko.transport: client encrypt: chacha20-poly1305@openssh.com, aes128-ctr, aes192-ctr, aes256-ctr, aes128-gcm@openssh.com, aes256-gcm@openssh.com
DEB [20240322-09:20:24.771] thr=6   paramiko.transport: server encrypt: chacha20-poly1305@openssh.com, aes128-ctr, aes192-ctr, aes256-ctr, aes128-gcm@openssh.com, aes256-gcm@openssh.com
DEB [20240322-09:20:24.771] thr=6   paramiko.transport: client mac: umac-64-etm@openssh.com, umac-128-etm@openssh.com, hmac-sha2-256-etm@openssh.com, hmac-sha2-512-etm@openssh.com, hmac-sha1-etm@openssh.com, umac-64@openssh.com, umac-128@openssh.com, hmac-sha2-256, hmac-sha2-512, hmac-sha1
DEB [20240322-09:20:24.771] thr=6   paramiko.transport: server mac: umac-64-etm@openssh.com, umac-128-etm@openssh.com, hmac-sha2-256-etm@openssh.com, hmac-sha2-512-etm@openssh.com, hmac-sha1-etm@openssh.com, umac-64@openssh.com, umac-128@openssh.com, hmac-sha2-256, hmac-sha2-512, hmac-sha1
DEB [20240322-09:20:24.771] thr=6   paramiko.transport: client compress: none, zlib@openssh.com
DEB [20240322-09:20:24.771] thr=6   paramiko.transport: server compress: none, zlib@openssh.com
DEB [20240322-09:20:24.771] thr=6   paramiko.transport: client lang: <none>
DEB [20240322-09:20:24.771] thr=6   paramiko.transport: server lang: <none>
DEB [20240322-09:20:24.771] thr=6   paramiko.transport: kex follows: False
DEB [20240322-09:20:24.771] thr=6   paramiko.transport: === Key exchange agreements ===
DEB [20240322-09:20:24.771] thr=6   paramiko.transport: Strict kex mode: True
DEB [20240322-09:20:24.771] thr=6   paramiko.transport: Kex: curve25519-sha256@libssh.org
DEB [20240322-09:20:24.771] thr=6   paramiko.transport: HostKey: ssh-ed25519
DEB [20240322-09:20:24.771] thr=6   paramiko.transport: Cipher: aes128-ctr
DEB [20240322-09:20:24.771] thr=6   paramiko.transport: MAC: hmac-sha2-256
DEB [20240322-09:20:24.771] thr=6   paramiko.transport: Compression: none
DEB [20240322-09:20:24.771] thr=6   paramiko.transport: === End of kex handshake ===
DEB [20240322-09:20:24.853] thr=6   paramiko.transport: Resetting outbound seqno after NEWKEYS due to strict mode
DEB [20240322-09:20:24.853] thr=6   paramiko.transport: kex engine KexCurve25519 specified hash_algo <built-in function openssl_sha256>
DEB [20240322-09:20:24.856] thr=6   paramiko.transport: Switch to new keys ...
DEB [20240322-09:20:24.856] thr=6   paramiko.transport: Resetting inbound seqno after NEWKEYS due to strict mode
DEB [20240322-09:20:24.856] thr=2   paramiko.transport: Attempting password auth...
DEB [20240322-09:20:24.856] thr=6   paramiko.transport: Got EXT_INFO: {'server-sig-algs': b'ssh-ed25519,sk-ssh-ed25519@openssh.com,ssh-rsa,rsa-sha2-256,rsa-sha2-512,ssh-dss,ecdsa-sha2-nistp256,ecdsa-sha2-nistp384,ecdsa-sha2-nistp521,sk-ecdsa-sha2-nistp256@openssh.com,webauthn-sk-ecdsa-sha2-nistp256@openssh.com'}
DEB [20240322-09:20:24.925] thr=6   paramiko.transport: userauth is OK
INF [20240322-09:20:24.980] thr=6   paramiko.transport: Authentication (password) successful!
DEB [20240322-09:20:24.987] thr=2   paramiko.transport: [chan 0] Max packet in: 32768 bytes
DEB [20240322-09:20:24.989] thr=6   paramiko.transport: Received global request "hostkeys-00@openssh.com"
DEB [20240322-09:20:24.989] thr=6   paramiko.transport: Rejecting "hostkeys-00@openssh.com" global request from server.
DEB [20240322-09:20:25.023] thr=6   paramiko.transport: [chan 0] Max packet out: 32768 bytes
DEB [20240322-09:20:25.023] thr=6   paramiko.transport: Secsh channel 0 opened.
DEB [20240322-09:20:25.071] thr=6   paramiko.transport: [chan 0] Sesch channel 0 request ok
INF [20240322-09:20:25.109] thr=2   paramiko.transport.sftp: [chan 0] Opened sftp connection (server version 3)
DEB [20240322-09:20:25.116] thr=2   paramiko.transport.sftp: [chan 0] stat(b'texto_plano.txt')
DEB [20240322-09:20:25.154] thr=2   paramiko.transport.sftp: [chan 0] open(b'texto_plano.txt', 'rb')
DEB [20240322-09:20:25.192] thr=2   paramiko.transport.sftp: [chan 0] open(b'texto_plano.txt', 'rb') -> 00000000
DEB [20240322-09:20:25.306] thr=2   paramiko.transport.sftp: [chan 0] close(00000000)
INF [20240322-09:20:25.421] thr=2   paramiko.transport.sftp: [chan 0] sftp session closed.
DEB [20240322-09:20:25.421] thr=2   paramiko.transport: [chan 0] EOF sent (0)
DEB [20240322-09:20:25.421] thr=6   paramiko.transport: EOF in transport thread
DEB [20240322-09:20:46.554] thr=1   paramiko.transport: [chan 0] Unhandled channel request "keepalive@openssh.com"
DEB [20240322-09:20:51.303] thr=7   paramiko.transport: starting thread (client mode): 0x46972240
DEB [20240322-09:20:51.303] thr=7   paramiko.transport: Local version/idstring: SSH-2.0-paramiko_3.4.0
DEB [20240322-09:20:51.504] thr=7   paramiko.transport: Remote version/idstring: SSH-2.0-OpenSSH_8.4p1
INF [20240322-09:20:51.504] thr=7   paramiko.transport: Connected (version 2.0, client OpenSSH_8.4p1)
DEB [20240322-09:20:51.504] thr=7   paramiko.transport: === Key exchange possibilities ===
DEB [20240322-09:20:51.504] thr=7   paramiko.transport: kex algos: curve25519-sha256, curve25519-sha256@libssh.org, ecdh-sha2-nistp256, ecdh-sha2-nistp384, ecdh-sha2-nistp521, diffie-hellman-group-exchange-sha256, diffie-hellman-group16-sha512, diffie-hellman-group18-sha512, diffie-hellman-group14-sha256, kex-strict-s-v00@openssh.com
DEB [20240322-09:20:51.504] thr=7   paramiko.transport: server key: rsa-sha2-512, rsa-sha2-256, ssh-rsa, ecdsa-sha2-nistp256, ssh-ed25519
DEB [20240322-09:20:51.504] thr=7   paramiko.transport: client encrypt: chacha20-poly1305@openssh.com, aes128-ctr, aes192-ctr, aes256-ctr, aes128-gcm@openssh.com, aes256-gcm@openssh.com
DEB [20240322-09:20:51.504] thr=7   paramiko.transport: server encrypt: chacha20-poly1305@openssh.com, aes128-ctr, aes192-ctr, aes256-ctr, aes128-gcm@openssh.com, aes256-gcm@openssh.com
DEB [20240322-09:20:51.504] thr=7   paramiko.transport: client mac: umac-64-etm@openssh.com, umac-128-etm@openssh.com, hmac-sha2-256-etm@openssh.com, hmac-sha2-512-etm@openssh.com, hmac-sha1-etm@openssh.com, umac-64@openssh.com, umac-128@openssh.com, hmac-sha2-256, hmac-sha2-512, hmac-sha1
DEB [20240322-09:20:51.504] thr=7   paramiko.transport: server mac: umac-64-etm@openssh.com, umac-128-etm@openssh.com, hmac-sha2-256-etm@openssh.com, hmac-sha2-512-etm@openssh.com, hmac-sha1-etm@openssh.com, umac-64@openssh.com, umac-128@openssh.com, hmac-sha2-256, hmac-sha2-512, hmac-sha1
DEB [20240322-09:20:51.504] thr=7   paramiko.transport: client compress: none, zlib@openssh.com
DEB [20240322-09:20:51.504] thr=7   paramiko.transport: server compress: none, zlib@openssh.com
DEB [20240322-09:20:51.504] thr=7   paramiko.transport: client lang: <none>
DEB [20240322-09:20:51.504] thr=7   paramiko.transport: server lang: <none>
DEB [20240322-09:20:51.504] thr=7   paramiko.transport: kex follows: False
DEB [20240322-09:20:51.504] thr=7   paramiko.transport: === Key exchange agreements ===
DEB [20240322-09:20:51.504] thr=7   paramiko.transport: Strict kex mode: True
DEB [20240322-09:20:51.504] thr=7   paramiko.transport: Kex: curve25519-sha256@libssh.org
DEB [20240322-09:20:51.504] thr=7   paramiko.transport: HostKey: ssh-ed25519
DEB [20240322-09:20:51.504] thr=7   paramiko.transport: Cipher: aes128-ctr
DEB [20240322-09:20:51.504] thr=7   paramiko.transport: MAC: hmac-sha2-256
DEB [20240322-09:20:51.504] thr=7   paramiko.transport: Compression: none
DEB [20240322-09:20:51.504] thr=7   paramiko.transport: === End of kex handshake ===
DEB [20240322-09:20:51.596] thr=7   paramiko.transport: Resetting outbound seqno after NEWKEYS due to strict mode
DEB [20240322-09:20:51.596] thr=7   paramiko.transport: kex engine KexCurve25519 specified hash_algo <built-in function openssl_sha256>
DEB [20240322-09:20:51.596] thr=7   paramiko.transport: Switch to new keys ...
DEB [20240322-09:20:51.596] thr=7   paramiko.transport: Resetting inbound seqno after NEWKEYS due to strict mode
DEB [20240322-09:20:51.596] thr=2   paramiko.transport: Attempting password auth...
DEB [20240322-09:20:51.596] thr=7   paramiko.transport: Got EXT_INFO: {'server-sig-algs': b'ssh-ed25519,sk-ssh-ed25519@openssh.com,ssh-rsa,rsa-sha2-256,rsa-sha2-512,ssh-dss,ecdsa-sha2-nistp256,ecdsa-sha2-nistp384,ecdsa-sha2-nistp521,sk-ecdsa-sha2-nistp256@openssh.com,webauthn-sk-ecdsa-sha2-nistp256@openssh.com'}
DEB [20240322-09:20:51.757] thr=7   paramiko.transport: userauth is OK
INF [20240322-09:20:51.807] thr=7   paramiko.transport: Authentication (password) successful!
DEB [20240322-09:20:51.808] thr=2   paramiko.transport: [chan 0] Max packet in: 32768 bytes
DEB [20240322-09:20:51.810] thr=7   paramiko.transport: Received global request "hostkeys-00@openssh.com"
DEB [20240322-09:20:51.810] thr=7   paramiko.transport: Rejecting "hostkeys-00@openssh.com" global request from server.
DEB [20240322-09:20:51.838] thr=7   paramiko.transport: [chan 0] Max packet out: 32768 bytes
DEB [20240322-09:20:51.838] thr=7   paramiko.transport: Secsh channel 0 opened.
DEB [20240322-09:20:51.887] thr=7   paramiko.transport: [chan 0] Sesch channel 0 request ok
INF [20240322-09:20:51.920] thr=2   paramiko.transport.sftp: [chan 0] Opened sftp connection (server version 3)
DEB [20240322-09:20:51.920] thr=2   paramiko.transport.sftp: [chan 0] stat(b'texto_plano.txt')
DEB [20240322-09:20:51.971] thr=2   paramiko.transport.sftp: [chan 0] open(b'texto_plano.txt', 'rb')
DEB [20240322-09:20:52.013] thr=2   paramiko.transport.sftp: [chan 0] open(b'texto_plano.txt', 'rb') -> 00000000
DEB [20240322-09:20:52.138] thr=2   paramiko.transport.sftp: [chan 0] close(00000000)
DEB [20240322-09:20:52.288] thr=2   paramiko.transport.sftp: [chan 0] stat(b'subcaperta/model.zip')
DEB [20240322-09:21:04.222] thr=8   paramiko.transport: starting thread (client mode): 0x46423590
DEB [20240322-09:21:04.222] thr=8   paramiko.transport: Local version/idstring: SSH-2.0-paramiko_3.4.0
DEB [20240322-09:21:04.424] thr=8   paramiko.transport: Remote version/idstring: SSH-2.0-OpenSSH_8.4p1
INF [20240322-09:21:04.424] thr=8   paramiko.transport: Connected (version 2.0, client OpenSSH_8.4p1)
DEB [20240322-09:21:04.424] thr=8   paramiko.transport: === Key exchange possibilities ===
DEB [20240322-09:21:04.424] thr=8   paramiko.transport: kex algos: curve25519-sha256, curve25519-sha256@libssh.org, ecdh-sha2-nistp256, ecdh-sha2-nistp384, ecdh-sha2-nistp521, diffie-hellman-group-exchange-sha256, diffie-hellman-group16-sha512, diffie-hellman-group18-sha512, diffie-hellman-group14-sha256, kex-strict-s-v00@openssh.com
DEB [20240322-09:21:04.424] thr=8   paramiko.transport: server key: rsa-sha2-512, rsa-sha2-256, ssh-rsa, ecdsa-sha2-nistp256, ssh-ed25519
DEB [20240322-09:21:04.424] thr=8   paramiko.transport: client encrypt: chacha20-poly1305@openssh.com, aes128-ctr, aes192-ctr, aes256-ctr, aes128-gcm@openssh.com, aes256-gcm@openssh.com
DEB [20240322-09:21:04.424] thr=8   paramiko.transport: server encrypt: chacha20-poly1305@openssh.com, aes128-ctr, aes192-ctr, aes256-ctr, aes128-gcm@openssh.com, aes256-gcm@openssh.com
DEB [20240322-09:21:04.424] thr=8   paramiko.transport: client mac: umac-64-etm@openssh.com, umac-128-etm@openssh.com, hmac-sha2-256-etm@openssh.com, hmac-sha2-512-etm@openssh.com, hmac-sha1-etm@openssh.com, umac-64@openssh.com, umac-128@openssh.com, hmac-sha2-256, hmac-sha2-512, hmac-sha1
DEB [20240322-09:21:04.424] thr=8   paramiko.transport: server mac: umac-64-etm@openssh.com, umac-128-etm@openssh.com, hmac-sha2-256-etm@openssh.com, hmac-sha2-512-etm@openssh.com, hmac-sha1-etm@openssh.com, umac-64@openssh.com, umac-128@openssh.com, hmac-sha2-256, hmac-sha2-512, hmac-sha1
DEB [20240322-09:21:04.424] thr=8   paramiko.transport: client compress: none, zlib@openssh.com
DEB [20240322-09:21:04.424] thr=8   paramiko.transport: server compress: none, zlib@openssh.com
DEB [20240322-09:21:04.424] thr=8   paramiko.transport: client lang: <none>
DEB [20240322-09:21:04.424] thr=8   paramiko.transport: server lang: <none>
DEB [20240322-09:21:04.424] thr=8   paramiko.transport: kex follows: False
DEB [20240322-09:21:04.424] thr=8   paramiko.transport: === Key exchange agreements ===
DEB [20240322-09:21:04.424] thr=8   paramiko.transport: Strict kex mode: True
DEB [20240322-09:21:04.424] thr=8   paramiko.transport: Kex: curve25519-sha256@libssh.org
DEB [20240322-09:21:04.424] thr=8   paramiko.transport: HostKey: ssh-ed25519
DEB [20240322-09:21:04.424] thr=8   paramiko.transport: Cipher: aes128-ctr
DEB [20240322-09:21:04.424] thr=8   paramiko.transport: MAC: hmac-sha2-256
DEB [20240322-09:21:04.424] thr=8   paramiko.transport: Compression: none
DEB [20240322-09:21:04.424] thr=8   paramiko.transport: === End of kex handshake ===
DEB [20240322-09:21:04.507] thr=8   paramiko.transport: Resetting outbound seqno after NEWKEYS due to strict mode
DEB [20240322-09:21:04.507] thr=8   paramiko.transport: kex engine KexCurve25519 specified hash_algo <built-in function openssl_sha256>
DEB [20240322-09:21:04.507] thr=8   paramiko.transport: Switch to new keys ...
DEB [20240322-09:21:04.507] thr=8   paramiko.transport: Resetting inbound seqno after NEWKEYS due to strict mode
DEB [20240322-09:21:04.507] thr=2   paramiko.transport: Attempting password auth...
DEB [20240322-09:21:04.507] thr=8   paramiko.transport: Got EXT_INFO: {'server-sig-algs': b'ssh-ed25519,sk-ssh-ed25519@openssh.com,ssh-rsa,rsa-sha2-256,rsa-sha2-512,ssh-dss,ecdsa-sha2-nistp256,ecdsa-sha2-nistp384,ecdsa-sha2-nistp521,sk-ecdsa-sha2-nistp256@openssh.com,webauthn-sk-ecdsa-sha2-nistp256@openssh.com'}
DEB [20240322-09:21:04.588] thr=8   paramiko.transport: userauth is OK
INF [20240322-09:21:04.637] thr=8   paramiko.transport: Authentication (password) successful!
DEB [20240322-09:21:04.637] thr=2   paramiko.transport: [chan 0] Max packet in: 32768 bytes
DEB [20240322-09:21:04.637] thr=8   paramiko.transport: Received global request "hostkeys-00@openssh.com"
DEB [20240322-09:21:04.637] thr=8   paramiko.transport: Rejecting "hostkeys-00@openssh.com" global request from server.
DEB [20240322-09:21:04.675] thr=8   paramiko.transport: [chan 0] Max packet out: 32768 bytes
DEB [20240322-09:21:04.675] thr=8   paramiko.transport: Secsh channel 0 opened.
DEB [20240322-09:21:04.711] thr=8   paramiko.transport: [chan 0] Sesch channel 0 request ok
INF [20240322-09:21:04.753] thr=2   paramiko.transport.sftp: [chan 0] Opened sftp connection (server version 3)
DEB [20240322-09:21:04.754] thr=2   paramiko.transport.sftp: [chan 0] stat(b'texto_plano.txt')
DEB [20240322-09:21:04.787] thr=2   paramiko.transport.sftp: [chan 0] open(b'texto_plano.txt', 'rb')
DEB [20240322-09:21:04.841] thr=2   paramiko.transport.sftp: [chan 0] open(b'texto_plano.txt', 'rb') -> 00000000
DEB [20240322-09:21:04.954] thr=2   paramiko.transport.sftp: [chan 0] close(00000000)
DEB [20240322-09:21:05.075] thr=2   paramiko.transport.sftp: [chan 0] stat(b'subcaperta/model.zip')
DEB [20240322-09:21:35.780] thr=9   paramiko.transport: starting thread (client mode): 0x468f5520
DEB [20240322-09:21:35.780] thr=9   paramiko.transport: Local version/idstring: SSH-2.0-paramiko_3.4.0
DEB [20240322-09:21:35.985] thr=9   paramiko.transport: Remote version/idstring: SSH-2.0-OpenSSH_8.4p1
INF [20240322-09:21:35.985] thr=9   paramiko.transport: Connected (version 2.0, client OpenSSH_8.4p1)
DEB [20240322-09:21:35.985] thr=9   paramiko.transport: === Key exchange possibilities ===
DEB [20240322-09:21:35.985] thr=9   paramiko.transport: kex algos: curve25519-sha256, curve25519-sha256@libssh.org, ecdh-sha2-nistp256, ecdh-sha2-nistp384, ecdh-sha2-nistp521, diffie-hellman-group-exchange-sha256, diffie-hellman-group16-sha512, diffie-hellman-group18-sha512, diffie-hellman-group14-sha256, kex-strict-s-v00@openssh.com
DEB [20240322-09:21:35.985] thr=9   paramiko.transport: server key: rsa-sha2-512, rsa-sha2-256, ssh-rsa, ecdsa-sha2-nistp256, ssh-ed25519
DEB [20240322-09:21:35.985] thr=9   paramiko.transport: client encrypt: chacha20-poly1305@openssh.com, aes128-ctr, aes192-ctr, aes256-ctr, aes128-gcm@openssh.com, aes256-gcm@openssh.com
DEB [20240322-09:21:35.985] thr=9   paramiko.transport: server encrypt: chacha20-poly1305@openssh.com, aes128-ctr, aes192-ctr, aes256-ctr, aes128-gcm@openssh.com, aes256-gcm@openssh.com
DEB [20240322-09:21:35.985] thr=9   paramiko.transport: client mac: umac-64-etm@openssh.com, umac-128-etm@openssh.com, hmac-sha2-256-etm@openssh.com, hmac-sha2-512-etm@openssh.com, hmac-sha1-etm@openssh.com, umac-64@openssh.com, umac-128@openssh.com, hmac-sha2-256, hmac-sha2-512, hmac-sha1
DEB [20240322-09:21:35.985] thr=9   paramiko.transport: server mac: umac-64-etm@openssh.com, umac-128-etm@openssh.com, hmac-sha2-256-etm@openssh.com, hmac-sha2-512-etm@openssh.com, hmac-sha1-etm@openssh.com, umac-64@openssh.com, umac-128@openssh.com, hmac-sha2-256, hmac-sha2-512, hmac-sha1
DEB [20240322-09:21:35.985] thr=9   paramiko.transport: client compress: none, zlib@openssh.com
DEB [20240322-09:21:35.985] thr=9   paramiko.transport: server compress: none, zlib@openssh.com
DEB [20240322-09:21:35.985] thr=9   paramiko.transport: client lang: <none>
DEB [20240322-09:21:35.985] thr=9   paramiko.transport: server lang: <none>
DEB [20240322-09:21:35.985] thr=9   paramiko.transport: kex follows: False
DEB [20240322-09:21:35.985] thr=9   paramiko.transport: === Key exchange agreements ===
DEB [20240322-09:21:35.985] thr=9   paramiko.transport: Strict kex mode: True
DEB [20240322-09:21:35.985] thr=9   paramiko.transport: Kex: curve25519-sha256@libssh.org
DEB [20240322-09:21:35.985] thr=9   paramiko.transport: HostKey: ssh-ed25519
DEB [20240322-09:21:35.985] thr=9   paramiko.transport: Cipher: aes128-ctr
DEB [20240322-09:21:35.985] thr=9   paramiko.transport: MAC: hmac-sha2-256
DEB [20240322-09:21:35.985] thr=9   paramiko.transport: Compression: none
DEB [20240322-09:21:35.985] thr=9   paramiko.transport: === End of kex handshake ===
DEB [20240322-09:21:36.069] thr=9   paramiko.transport: Resetting outbound seqno after NEWKEYS due to strict mode
DEB [20240322-09:21:36.069] thr=9   paramiko.transport: kex engine KexCurve25519 specified hash_algo <built-in function openssl_sha256>
DEB [20240322-09:21:36.069] thr=9   paramiko.transport: Switch to new keys ...
DEB [20240322-09:21:36.069] thr=9   paramiko.transport: Resetting inbound seqno after NEWKEYS due to strict mode
DEB [20240322-09:21:36.069] thr=2   paramiko.transport: Attempting password auth...
DEB [20240322-09:21:36.069] thr=9   paramiko.transport: Got EXT_INFO: {'server-sig-algs': b'ssh-ed25519,sk-ssh-ed25519@openssh.com,ssh-rsa,rsa-sha2-256,rsa-sha2-512,ssh-dss,ecdsa-sha2-nistp256,ecdsa-sha2-nistp384,ecdsa-sha2-nistp521,sk-ecdsa-sha2-nistp256@openssh.com,webauthn-sk-ecdsa-sha2-nistp256@openssh.com'}
DEB [20240322-09:21:36.135] thr=9   paramiko.transport: userauth is OK
INF [20240322-09:21:36.186] thr=9   paramiko.transport: Authentication (password) successful!
DEB [20240322-09:21:36.186] thr=2   paramiko.transport: [chan 0] Max packet in: 32768 bytes
DEB [20240322-09:21:36.186] thr=9   paramiko.transport: Received global request "hostkeys-00@openssh.com"
DEB [20240322-09:21:36.186] thr=9   paramiko.transport: Rejecting "hostkeys-00@openssh.com" global request from server.
DEB [20240322-09:21:36.225] thr=9   paramiko.transport: [chan 0] Max packet out: 32768 bytes
DEB [20240322-09:21:36.225] thr=9   paramiko.transport: Secsh channel 0 opened.
DEB [20240322-09:21:36.267] thr=9   paramiko.transport: [chan 0] Sesch channel 0 request ok
INF [20240322-09:21:36.306] thr=2   paramiko.transport.sftp: [chan 0] Opened sftp connection (server version 3)
DEB [20240322-09:21:36.310] thr=2   paramiko.transport.sftp: [chan 0] stat(b'texto_plano.txt')
DEB [20240322-09:21:36.352] thr=2   paramiko.transport.sftp: [chan 0] open(b'texto_plano.txt', 'rb')
DEB [20240322-09:21:36.386] thr=2   paramiko.transport.sftp: [chan 0] open(b'texto_plano.txt', 'rb') -> 00000000
DEB [20240322-09:21:36.523] thr=2   paramiko.transport.sftp: [chan 0] close(00000000)
DEB [20240322-09:21:36.638] thr=2   paramiko.transport.sftp: [chan 0] stat(b'subcaperta/mlp.zip')
DEB [20240322-09:21:41.195] thr=3   paramiko.transport: [chan 0] Unhandled channel request "keepalive@openssh.com"
DEB [20240322-09:21:54.220] thr=10  paramiko.transport: starting thread (client mode): 0x4691cb00
DEB [20240322-09:21:54.220] thr=10  paramiko.transport: Local version/idstring: SSH-2.0-paramiko_3.4.0
DEB [20240322-09:21:54.434] thr=10  paramiko.transport: Remote version/idstring: SSH-2.0-OpenSSH_8.4p1
INF [20240322-09:21:54.434] thr=10  paramiko.transport: Connected (version 2.0, client OpenSSH_8.4p1)
DEB [20240322-09:21:54.434] thr=10  paramiko.transport: === Key exchange possibilities ===
DEB [20240322-09:21:54.434] thr=10  paramiko.transport: kex algos: curve25519-sha256, curve25519-sha256@libssh.org, ecdh-sha2-nistp256, ecdh-sha2-nistp384, ecdh-sha2-nistp521, diffie-hellman-group-exchange-sha256, diffie-hellman-group16-sha512, diffie-hellman-group18-sha512, diffie-hellman-group14-sha256, kex-strict-s-v00@openssh.com
DEB [20240322-09:21:54.434] thr=10  paramiko.transport: server key: rsa-sha2-512, rsa-sha2-256, ssh-rsa, ecdsa-sha2-nistp256, ssh-ed25519
DEB [20240322-09:21:54.434] thr=10  paramiko.transport: client encrypt: chacha20-poly1305@openssh.com, aes128-ctr, aes192-ctr, aes256-ctr, aes128-gcm@openssh.com, aes256-gcm@openssh.com
DEB [20240322-09:21:54.434] thr=10  paramiko.transport: server encrypt: chacha20-poly1305@openssh.com, aes128-ctr, aes192-ctr, aes256-ctr, aes128-gcm@openssh.com, aes256-gcm@openssh.com
DEB [20240322-09:21:54.434] thr=10  paramiko.transport: client mac: umac-64-etm@openssh.com, umac-128-etm@openssh.com, hmac-sha2-256-etm@openssh.com, hmac-sha2-512-etm@openssh.com, hmac-sha1-etm@openssh.com, umac-64@openssh.com, umac-128@openssh.com, hmac-sha2-256, hmac-sha2-512, hmac-sha1
DEB [20240322-09:21:54.434] thr=10  paramiko.transport: server mac: umac-64-etm@openssh.com, umac-128-etm@openssh.com, hmac-sha2-256-etm@openssh.com, hmac-sha2-512-etm@openssh.com, hmac-sha1-etm@openssh.com, umac-64@openssh.com, umac-128@openssh.com, hmac-sha2-256, hmac-sha2-512, hmac-sha1
DEB [20240322-09:21:54.434] thr=10  paramiko.transport: client compress: none, zlib@openssh.com
DEB [20240322-09:21:54.434] thr=10  paramiko.transport: server compress: none, zlib@openssh.com
DEB [20240322-09:21:54.434] thr=10  paramiko.transport: client lang: <none>
DEB [20240322-09:21:54.434] thr=10  paramiko.transport: server lang: <none>
DEB [20240322-09:21:54.434] thr=10  paramiko.transport: kex follows: False
DEB [20240322-09:21:54.434] thr=10  paramiko.transport: === Key exchange agreements ===
DEB [20240322-09:21:54.434] thr=10  paramiko.transport: Strict kex mode: True
DEB [20240322-09:21:54.434] thr=10  paramiko.transport: Kex: curve25519-sha256@libssh.org
DEB [20240322-09:21:54.434] thr=10  paramiko.transport: HostKey: ssh-ed25519
DEB [20240322-09:21:54.434] thr=10  paramiko.transport: Cipher: aes128-ctr
DEB [20240322-09:21:54.434] thr=10  paramiko.transport: MAC: hmac-sha2-256
DEB [20240322-09:21:54.434] thr=10  paramiko.transport: Compression: none
DEB [20240322-09:21:54.434] thr=10  paramiko.transport: === End of kex handshake ===
DEB [20240322-09:21:54.518] thr=10  paramiko.transport: Resetting outbound seqno after NEWKEYS due to strict mode
DEB [20240322-09:21:54.518] thr=10  paramiko.transport: kex engine KexCurve25519 specified hash_algo <built-in function openssl_sha256>
DEB [20240322-09:21:54.518] thr=10  paramiko.transport: Switch to new keys ...
DEB [20240322-09:21:54.518] thr=10  paramiko.transport: Resetting inbound seqno after NEWKEYS due to strict mode
DEB [20240322-09:21:54.518] thr=10  paramiko.transport: Got EXT_INFO: {'server-sig-algs': b'ssh-ed25519,sk-ssh-ed25519@openssh.com,ssh-rsa,rsa-sha2-256,rsa-sha2-512,ssh-dss,ecdsa-sha2-nistp256,ecdsa-sha2-nistp384,ecdsa-sha2-nistp521,sk-ecdsa-sha2-nistp256@openssh.com,webauthn-sk-ecdsa-sha2-nistp256@openssh.com'}
DEB [20240322-09:21:54.518] thr=2   paramiko.transport: Attempting password auth...
DEB [20240322-09:21:54.585] thr=10  paramiko.transport: userauth is OK
INF [20240322-09:21:54.636] thr=10  paramiko.transport: Authentication (password) successful!
DEB [20240322-09:21:54.638] thr=2   paramiko.transport: [chan 0] Max packet in: 32768 bytes
DEB [20240322-09:21:54.643] thr=10  paramiko.transport: Received global request "hostkeys-00@openssh.com"
DEB [20240322-09:21:54.643] thr=10  paramiko.transport: Rejecting "hostkeys-00@openssh.com" global request from server.
DEB [20240322-09:21:54.670] thr=10  paramiko.transport: [chan 0] Max packet out: 32768 bytes
DEB [20240322-09:21:54.670] thr=10  paramiko.transport: Secsh channel 0 opened.
DEB [20240322-09:21:54.704] thr=10  paramiko.transport: [chan 0] Sesch channel 0 request ok
INF [20240322-09:21:54.754] thr=2   paramiko.transport.sftp: [chan 0] Opened sftp connection (server version 3)
DEB [20240322-09:21:54.754] thr=2   paramiko.transport.sftp: [chan 0] stat(b'texto_plano.txt')
DEB [20240322-09:21:54.785] thr=2   paramiko.transport.sftp: [chan 0] open(b'texto_plano.txt', 'rb')
DEB [20240322-09:21:54.836] thr=2   paramiko.transport.sftp: [chan 0] open(b'texto_plano.txt', 'rb') -> 00000000
DEB [20240322-09:21:54.954] thr=2   paramiko.transport.sftp: [chan 0] close(00000000)
DEB [20240322-09:21:55.073] thr=2   paramiko.transport.sftp: [chan 0] stat(b'subcarpeta/mlp.zip')
DEB [20240322-09:21:55.120] thr=2   paramiko.transport.sftp: [chan 0] open(b'subcarpeta/mlp.zip', 'rb')
DEB [20240322-09:21:55.155] thr=2   paramiko.transport.sftp: [chan 0] open(b'subcarpeta/mlp.zip', 'rb') -> 00000000
DEB [20240322-09:21:55.338] thr=2   paramiko.transport.sftp: [chan 0] close(00000000)
INF [20240322-09:21:55.468] thr=2   paramiko.transport.sftp: [chan 0] sftp session closed.
DEB [20240322-09:21:55.468] thr=2   paramiko.transport: [chan 0] EOF sent (0)
DEB [20240322-09:21:55.468] thr=10  paramiko.transport: EOF in transport thread
DEB [20240322-09:22:50.498] thr=11  paramiko.transport: starting thread (client mode): 0x469291f0
DEB [20240322-09:22:50.498] thr=11  paramiko.transport: Local version/idstring: SSH-2.0-paramiko_3.4.0
DEB [20240322-09:22:50.716] thr=11  paramiko.transport: Remote version/idstring: SSH-2.0-OpenSSH_8.4p1
INF [20240322-09:22:50.716] thr=11  paramiko.transport: Connected (version 2.0, client OpenSSH_8.4p1)
DEB [20240322-09:22:50.716] thr=11  paramiko.transport: === Key exchange possibilities ===
DEB [20240322-09:22:50.716] thr=11  paramiko.transport: kex algos: curve25519-sha256, curve25519-sha256@libssh.org, ecdh-sha2-nistp256, ecdh-sha2-nistp384, ecdh-sha2-nistp521, diffie-hellman-group-exchange-sha256, diffie-hellman-group16-sha512, diffie-hellman-group18-sha512, diffie-hellman-group14-sha256, kex-strict-s-v00@openssh.com
DEB [20240322-09:22:50.716] thr=11  paramiko.transport: server key: rsa-sha2-512, rsa-sha2-256, ssh-rsa, ecdsa-sha2-nistp256, ssh-ed25519
DEB [20240322-09:22:50.716] thr=11  paramiko.transport: client encrypt: chacha20-poly1305@openssh.com, aes128-ctr, aes192-ctr, aes256-ctr, aes128-gcm@openssh.com, aes256-gcm@openssh.com
DEB [20240322-09:22:50.716] thr=11  paramiko.transport: server encrypt: chacha20-poly1305@openssh.com, aes128-ctr, aes192-ctr, aes256-ctr, aes128-gcm@openssh.com, aes256-gcm@openssh.com
DEB [20240322-09:22:50.716] thr=11  paramiko.transport: client mac: umac-64-etm@openssh.com, umac-128-etm@openssh.com, hmac-sha2-256-etm@openssh.com, hmac-sha2-512-etm@openssh.com, hmac-sha1-etm@openssh.com, umac-64@openssh.com, umac-128@openssh.com, hmac-sha2-256, hmac-sha2-512, hmac-sha1
DEB [20240322-09:22:50.716] thr=11  paramiko.transport: server mac: umac-64-etm@openssh.com, umac-128-etm@openssh.com, hmac-sha2-256-etm@openssh.com, hmac-sha2-512-etm@openssh.com, hmac-sha1-etm@openssh.com, umac-64@openssh.com, umac-128@openssh.com, hmac-sha2-256, hmac-sha2-512, hmac-sha1
DEB [20240322-09:22:50.716] thr=11  paramiko.transport: client compress: none, zlib@openssh.com
DEB [20240322-09:22:50.716] thr=11  paramiko.transport: server compress: none, zlib@openssh.com
DEB [20240322-09:22:50.716] thr=11  paramiko.transport: client lang: <none>
DEB [20240322-09:22:50.716] thr=11  paramiko.transport: server lang: <none>
DEB [20240322-09:22:50.716] thr=11  paramiko.transport: kex follows: False
DEB [20240322-09:22:50.716] thr=11  paramiko.transport: === Key exchange agreements ===
DEB [20240322-09:22:50.716] thr=11  paramiko.transport: Strict kex mode: True
DEB [20240322-09:22:50.716] thr=11  paramiko.transport: Kex: curve25519-sha256@libssh.org
DEB [20240322-09:22:50.716] thr=11  paramiko.transport: HostKey: ssh-ed25519
DEB [20240322-09:22:50.716] thr=11  paramiko.transport: Cipher: aes128-ctr
DEB [20240322-09:22:50.716] thr=11  paramiko.transport: MAC: hmac-sha2-256
DEB [20240322-09:22:50.716] thr=11  paramiko.transport: Compression: none
DEB [20240322-09:22:50.716] thr=11  paramiko.transport: === End of kex handshake ===
DEB [20240322-09:22:50.822] thr=11  paramiko.transport: Resetting outbound seqno after NEWKEYS due to strict mode
DEB [20240322-09:22:50.822] thr=11  paramiko.transport: kex engine KexCurve25519 specified hash_algo <built-in function openssl_sha256>
DEB [20240322-09:22:50.822] thr=11  paramiko.transport: Switch to new keys ...
DEB [20240322-09:22:50.822] thr=11  paramiko.transport: Resetting inbound seqno after NEWKEYS due to strict mode
DEB [20240322-09:22:50.822] thr=2   paramiko.transport: Attempting password auth...
DEB [20240322-09:22:50.822] thr=11  paramiko.transport: Got EXT_INFO: {'server-sig-algs': b'ssh-ed25519,sk-ssh-ed25519@openssh.com,ssh-rsa,rsa-sha2-256,rsa-sha2-512,ssh-dss,ecdsa-sha2-nistp256,ecdsa-sha2-nistp384,ecdsa-sha2-nistp521,sk-ecdsa-sha2-nistp256@openssh.com,webauthn-sk-ecdsa-sha2-nistp256@openssh.com'}
DEB [20240322-09:22:50.901] thr=11  paramiko.transport: userauth is OK
INF [20240322-09:22:50.950] thr=11  paramiko.transport: Authentication (password) successful!
DEB [20240322-09:22:50.950] thr=2   paramiko.transport: [chan 0] Max packet in: 32768 bytes
DEB [20240322-09:22:50.965] thr=11  paramiko.transport: Received global request "hostkeys-00@openssh.com"
DEB [20240322-09:22:50.965] thr=11  paramiko.transport: Rejecting "hostkeys-00@openssh.com" global request from server.
DEB [20240322-09:22:51.001] thr=11  paramiko.transport: [chan 0] Max packet out: 32768 bytes
DEB [20240322-09:22:51.001] thr=11  paramiko.transport: Secsh channel 0 opened.
DEB [20240322-09:22:51.050] thr=11  paramiko.transport: [chan 0] Sesch channel 0 request ok
INF [20240322-09:22:51.082] thr=2   paramiko.transport.sftp: [chan 0] Opened sftp connection (server version 3)
DEB [20240322-09:22:51.082] thr=2   paramiko.transport.sftp: [chan 0] stat(b'texto_plano.txt')
DEB [20240322-09:22:51.135] thr=2   paramiko.transport.sftp: [chan 0] open(b'texto_plano.txt', 'rb')
DEB [20240322-09:22:51.165] thr=2   paramiko.transport.sftp: [chan 0] open(b'texto_plano.txt', 'rb') -> 00000000
DEB [20240322-09:22:51.423] thr=2   paramiko.transport.sftp: [chan 0] close(00000000)
DEB [20240322-09:22:51.550] thr=2   paramiko.transport.sftp: [chan 0] stat(b'subcarpeta/mlp.zip')
DEB [20240322-09:22:51.582] thr=2   paramiko.transport.sftp: [chan 0] open(b'subcarpeta/mlp.zip', 'rb')
DEB [20240322-09:22:51.617] thr=2   paramiko.transport.sftp: [chan 0] open(b'subcarpeta/mlp.zip', 'rb') -> 00000000
DEB [20240322-09:22:51.799] thr=2   paramiko.transport.sftp: [chan 0] close(00000000)
DEB [20240322-09:22:58.065] thr=12  paramiko.transport: starting thread (client mode): 0x46e8c560
DEB [20240322-09:22:58.065] thr=12  paramiko.transport: Local version/idstring: SSH-2.0-paramiko_3.4.0
DEB [20240322-09:22:58.269] thr=12  paramiko.transport: Remote version/idstring: SSH-2.0-OpenSSH_8.4p1
INF [20240322-09:22:58.269] thr=12  paramiko.transport: Connected (version 2.0, client OpenSSH_8.4p1)
DEB [20240322-09:22:58.269] thr=12  paramiko.transport: === Key exchange possibilities ===
DEB [20240322-09:22:58.269] thr=12  paramiko.transport: kex algos: curve25519-sha256, curve25519-sha256@libssh.org, ecdh-sha2-nistp256, ecdh-sha2-nistp384, ecdh-sha2-nistp521, diffie-hellman-group-exchange-sha256, diffie-hellman-group16-sha512, diffie-hellman-group18-sha512, diffie-hellman-group14-sha256, kex-strict-s-v00@openssh.com
DEB [20240322-09:22:58.269] thr=12  paramiko.transport: server key: rsa-sha2-512, rsa-sha2-256, ssh-rsa, ecdsa-sha2-nistp256, ssh-ed25519
DEB [20240322-09:22:58.269] thr=12  paramiko.transport: client encrypt: chacha20-poly1305@openssh.com, aes128-ctr, aes192-ctr, aes256-ctr, aes128-gcm@openssh.com, aes256-gcm@openssh.com
DEB [20240322-09:22:58.269] thr=12  paramiko.transport: server encrypt: chacha20-poly1305@openssh.com, aes128-ctr, aes192-ctr, aes256-ctr, aes128-gcm@openssh.com, aes256-gcm@openssh.com
DEB [20240322-09:22:58.269] thr=12  paramiko.transport: client mac: umac-64-etm@openssh.com, umac-128-etm@openssh.com, hmac-sha2-256-etm@openssh.com, hmac-sha2-512-etm@openssh.com, hmac-sha1-etm@openssh.com, umac-64@openssh.com, umac-128@openssh.com, hmac-sha2-256, hmac-sha2-512, hmac-sha1
DEB [20240322-09:22:58.269] thr=12  paramiko.transport: server mac: umac-64-etm@openssh.com, umac-128-etm@openssh.com, hmac-sha2-256-etm@openssh.com, hmac-sha2-512-etm@openssh.com, hmac-sha1-etm@openssh.com, umac-64@openssh.com, umac-128@openssh.com, hmac-sha2-256, hmac-sha2-512, hmac-sha1
DEB [20240322-09:22:58.269] thr=12  paramiko.transport: client compress: none, zlib@openssh.com
DEB [20240322-09:22:58.269] thr=12  paramiko.transport: server compress: none, zlib@openssh.com
DEB [20240322-09:22:58.269] thr=12  paramiko.transport: client lang: <none>
DEB [20240322-09:22:58.269] thr=12  paramiko.transport: server lang: <none>
DEB [20240322-09:22:58.269] thr=12  paramiko.transport: kex follows: False
DEB [20240322-09:22:58.269] thr=12  paramiko.transport: === Key exchange agreements ===
DEB [20240322-09:22:58.269] thr=12  paramiko.transport: Strict kex mode: True
DEB [20240322-09:22:58.269] thr=12  paramiko.transport: Kex: curve25519-sha256@libssh.org
DEB [20240322-09:22:58.269] thr=12  paramiko.transport: HostKey: ssh-ed25519
DEB [20240322-09:22:58.269] thr=12  paramiko.transport: Cipher: aes128-ctr
DEB [20240322-09:22:58.269] thr=12  paramiko.transport: MAC: hmac-sha2-256
DEB [20240322-09:22:58.269] thr=12  paramiko.transport: Compression: none
DEB [20240322-09:22:58.269] thr=12  paramiko.transport: === End of kex handshake ===
DEB [20240322-09:22:58.348] thr=12  paramiko.transport: Resetting outbound seqno after NEWKEYS due to strict mode
DEB [20240322-09:22:58.348] thr=12  paramiko.transport: kex engine KexCurve25519 specified hash_algo <built-in function openssl_sha256>
DEB [20240322-09:22:58.348] thr=12  paramiko.transport: Switch to new keys ...
DEB [20240322-09:22:58.348] thr=12  paramiko.transport: Resetting inbound seqno after NEWKEYS due to strict mode
DEB [20240322-09:22:58.348] thr=2   paramiko.transport: Attempting password auth...
DEB [20240322-09:22:58.348] thr=12  paramiko.transport: Got EXT_INFO: {'server-sig-algs': b'ssh-ed25519,sk-ssh-ed25519@openssh.com,ssh-rsa,rsa-sha2-256,rsa-sha2-512,ssh-dss,ecdsa-sha2-nistp256,ecdsa-sha2-nistp384,ecdsa-sha2-nistp521,sk-ecdsa-sha2-nistp256@openssh.com,webauthn-sk-ecdsa-sha2-nistp256@openssh.com'}
DEB [20240322-09:22:58.440] thr=12  paramiko.transport: userauth is OK
INF [20240322-09:22:58.484] thr=12  paramiko.transport: Authentication (password) successful!
DEB [20240322-09:22:58.484] thr=2   paramiko.transport: [chan 0] Max packet in: 32768 bytes
DEB [20240322-09:22:58.484] thr=12  paramiko.transport: Received global request "hostkeys-00@openssh.com"
DEB [20240322-09:22:58.484] thr=12  paramiko.transport: Rejecting "hostkeys-00@openssh.com" global request from server.
DEB [20240322-09:22:58.516] thr=12  paramiko.transport: [chan 0] Max packet out: 32768 bytes
DEB [20240322-09:22:58.516] thr=12  paramiko.transport: Secsh channel 0 opened.
DEB [20240322-09:22:58.568] thr=12  paramiko.transport: [chan 0] Sesch channel 0 request ok
INF [20240322-09:22:58.605] thr=2   paramiko.transport.sftp: [chan 0] Opened sftp connection (server version 3)
DEB [20240322-09:22:58.605] thr=2   paramiko.transport.sftp: [chan 0] stat(b'texto_plano.txt')
DEB [20240322-09:22:58.641] thr=2   paramiko.transport.sftp: [chan 0] open(b'texto_plano.txt', 'rb')
DEB [20240322-09:22:58.686] thr=2   paramiko.transport.sftp: [chan 0] open(b'texto_plano.txt', 'rb') -> 00000000
DEB [20240322-09:22:58.802] thr=2   paramiko.transport.sftp: [chan 0] close(00000000)
DEB [20240322-09:22:58.931] thr=2   paramiko.transport.sftp: [chan 0] stat(b'subcarpeta/mlp.zip')
DEB [20240322-09:22:59.017] thr=2   paramiko.transport.sftp: [chan 0] open(b'subcarpeta/mlp.zip', 'rb')
DEB [20240322-09:22:59.050] thr=2   paramiko.transport.sftp: [chan 0] open(b'subcarpeta/mlp.zip', 'rb') -> 00000000
DEB [20240322-09:22:59.242] thr=2   paramiko.transport.sftp: [chan 0] close(00000000)
INF [20240322-09:22:59.367] thr=2   paramiko.transport.sftp: [chan 0] sftp session closed.
DEB [20240322-09:22:59.367] thr=2   paramiko.transport: [chan 0] EOF sent (0)
DEB [20240322-09:22:59.367] thr=12  paramiko.transport: EOF in transport thread
DEB [20240322-09:23:41.657] thr=2   paramiko.transport.sftp: [chan 0] open(b'/subcarpeta/paramiko.log', 'wb')
DEB [20240322-09:23:46.216] thr=13  paramiko.transport: starting thread (client mode): 0x476c10a0
DEB [20240322-09:23:46.216] thr=13  paramiko.transport: Local version/idstring: SSH-2.0-paramiko_3.4.0
DEB [20240322-09:23:46.431] thr=13  paramiko.transport: Remote version/idstring: SSH-2.0-OpenSSH_8.4p1
INF [20240322-09:23:46.431] thr=13  paramiko.transport: Connected (version 2.0, client OpenSSH_8.4p1)
DEB [20240322-09:23:46.431] thr=13  paramiko.transport: === Key exchange possibilities ===
DEB [20240322-09:23:46.431] thr=13  paramiko.transport: kex algos: curve25519-sha256, curve25519-sha256@libssh.org, ecdh-sha2-nistp256, ecdh-sha2-nistp384, ecdh-sha2-nistp521, diffie-hellman-group-exchange-sha256, diffie-hellman-group16-sha512, diffie-hellman-group18-sha512, diffie-hellman-group14-sha256, kex-strict-s-v00@openssh.com
DEB [20240322-09:23:46.431] thr=13  paramiko.transport: server key: rsa-sha2-512, rsa-sha2-256, ssh-rsa, ecdsa-sha2-nistp256, ssh-ed25519
DEB [20240322-09:23:46.431] thr=13  paramiko.transport: client encrypt: chacha20-poly1305@openssh.com, aes128-ctr, aes192-ctr, aes256-ctr, aes128-gcm@openssh.com, aes256-gcm@openssh.com
DEB [20240322-09:23:46.431] thr=13  paramiko.transport: server encrypt: chacha20-poly1305@openssh.com, aes128-ctr, aes192-ctr, aes256-ctr, aes128-gcm@openssh.com, aes256-gcm@openssh.com
DEB [20240322-09:23:46.431] thr=13  paramiko.transport: client mac: umac-64-etm@openssh.com, umac-128-etm@openssh.com, hmac-sha2-256-etm@openssh.com, hmac-sha2-512-etm@openssh.com, hmac-sha1-etm@openssh.com, umac-64@openssh.com, umac-128@openssh.com, hmac-sha2-256, hmac-sha2-512, hmac-sha1
DEB [20240322-09:23:46.431] thr=13  paramiko.transport: server mac: umac-64-etm@openssh.com, umac-128-etm@openssh.com, hmac-sha2-256-etm@openssh.com, hmac-sha2-512-etm@openssh.com, hmac-sha1-etm@openssh.com, umac-64@openssh.com, umac-128@openssh.com, hmac-sha2-256, hmac-sha2-512, hmac-sha1
DEB [20240322-09:23:46.431] thr=13  paramiko.transport: client compress: none, zlib@openssh.com
DEB [20240322-09:23:46.431] thr=13  paramiko.transport: server compress: none, zlib@openssh.com
DEB [20240322-09:23:46.431] thr=13  paramiko.transport: client lang: <none>
DEB [20240322-09:23:46.431] thr=13  paramiko.transport: server lang: <none>
DEB [20240322-09:23:46.431] thr=13  paramiko.transport: kex follows: False
DEB [20240322-09:23:46.431] thr=13  paramiko.transport: === Key exchange agreements ===
DEB [20240322-09:23:46.431] thr=13  paramiko.transport: Strict kex mode: True
DEB [20240322-09:23:46.431] thr=13  paramiko.transport: Kex: curve25519-sha256@libssh.org
DEB [20240322-09:23:46.431] thr=13  paramiko.transport: HostKey: ssh-ed25519
DEB [20240322-09:23:46.431] thr=13  paramiko.transport: Cipher: aes128-ctr
DEB [20240322-09:23:46.431] thr=13  paramiko.transport: MAC: hmac-sha2-256
DEB [20240322-09:23:46.431] thr=13  paramiko.transport: Compression: none
DEB [20240322-09:23:46.431] thr=13  paramiko.transport: === End of kex handshake ===
DEB [20240322-09:23:46.524] thr=13  paramiko.transport: Resetting outbound seqno after NEWKEYS due to strict mode
DEB [20240322-09:23:46.524] thr=13  paramiko.transport: kex engine KexCurve25519 specified hash_algo <built-in function openssl_sha256>
DEB [20240322-09:23:46.524] thr=13  paramiko.transport: Switch to new keys ...
DEB [20240322-09:23:46.524] thr=13  paramiko.transport: Resetting inbound seqno after NEWKEYS due to strict mode
DEB [20240322-09:23:46.524] thr=2   paramiko.transport: Attempting password auth...
DEB [20240322-09:23:46.524] thr=13  paramiko.transport: Got EXT_INFO: {'server-sig-algs': b'ssh-ed25519,sk-ssh-ed25519@openssh.com,ssh-rsa,rsa-sha2-256,rsa-sha2-512,ssh-dss,ecdsa-sha2-nistp256,ecdsa-sha2-nistp384,ecdsa-sha2-nistp521,sk-ecdsa-sha2-nistp256@openssh.com,webauthn-sk-ecdsa-sha2-nistp256@openssh.com'}
DEB [20240322-09:23:46.599] thr=13  paramiko.transport: userauth is OK
INF [20240322-09:23:46.648] thr=13  paramiko.transport: Authentication (password) successful!
DEB [20240322-09:23:46.648] thr=2   paramiko.transport: [chan 0] Max packet in: 32768 bytes
DEB [20240322-09:23:46.648] thr=13  paramiko.transport: Received global request "hostkeys-00@openssh.com"
DEB [20240322-09:23:46.648] thr=13  paramiko.transport: Rejecting "hostkeys-00@openssh.com" global request from server.
DEB [20240322-09:23:46.681] thr=13  paramiko.transport: [chan 0] Max packet out: 32768 bytes
DEB [20240322-09:23:46.681] thr=13  paramiko.transport: Secsh channel 0 opened.
DEB [20240322-09:23:46.737] thr=13  paramiko.transport: [chan 0] Sesch channel 0 request ok
INF [20240322-09:23:46.763] thr=2   paramiko.transport.sftp: [chan 0] Opened sftp connection (server version 3)
DEB [20240322-09:23:46.780] thr=2   paramiko.transport.sftp: [chan 0] stat(b'texto_plano.txt')
DEB [20240322-09:23:46.813] thr=2   paramiko.transport.sftp: [chan 0] open(b'texto_plano.txt', 'rb')
DEB [20240322-09:23:46.848] thr=2   paramiko.transport.sftp: [chan 0] open(b'texto_plano.txt', 'rb') -> 00000000
DEB [20240322-09:23:46.999] thr=2   paramiko.transport.sftp: [chan 0] close(00000000)
DEB [20240322-09:23:47.123] thr=2   paramiko.transport.sftp: [chan 0] stat(b'subcarpeta/mlp.zip')
DEB [20240322-09:23:47.182] thr=2   paramiko.transport.sftp: [chan 0] open(b'subcarpeta/mlp.zip', 'rb')
DEB [20240322-09:23:47.225] thr=2   paramiko.transport.sftp: [chan 0] open(b'subcarpeta/mlp.zip', 'rb') -> 00000000
DEB [20240322-09:23:47.400] thr=2   paramiko.transport.sftp: [chan 0] close(00000000)
DEB [20240322-09:23:48.871] thr=2   paramiko.transport.sftp: [chan 0] open(b'/subcarpeta/paramiko.log', 'wb')
DEB [20240322-09:23:48.916] thr=2   paramiko.transport.sftp: [chan 0] open(b'/subcarpeta/paramiko.log', 'wb') -> 00000000
DEB [20240322-09:23:48.916] thr=2   paramiko.transport.sftp: [chan 0] close(00000000)
DEB [20240322-09:23:49.029] thr=2   paramiko.transport.sftp: [chan 0] stat(b'/subcarpeta/paramiko.log')
DEB [20240322-09:30:46.669] thr=1   paramiko.transport: [chan 0] Unhandled channel request "keepalive@openssh.com"
DEB [20240322-09:30:52.395] thr=7   paramiko.transport: [chan 0] Unhandled channel request "keepalive@openssh.com"
DEB [20240322-09:31:05.195] thr=8   paramiko.transport: [chan 0] Unhandled channel request "keepalive@openssh.com"
DEB [20240322-09:31:36.763] thr=9   paramiko.transport: [chan 0] Unhandled channel request "keepalive@openssh.com"
DEB [20240322-09:31:41.311] thr=3   paramiko.transport: [chan 0] Unhandled channel request "keepalive@openssh.com"
DEB [20240322-09:32:51.916] thr=11  paramiko.transport: [chan 0] Unhandled channel request "keepalive@openssh.com"
DEB [20240322-09:33:49.161] thr=13  paramiko.transport: [chan 0] Unhandled channel request "keepalive@openssh.com"
DEB [20240322-09:40:46.786] thr=1   paramiko.transport: [chan 0] Unhandled channel request "keepalive@openssh.com"
